2022/05/16 06:08:32 [notice] 1#1: using the "epoll" event method
2022/05/16 06:08:32 [notice] 1#1: nginx/1.21.6
2022/05/16 06:08:32 [notice] 1#1: built by gcc 10.2.1 20210110 (Debian 10.2.1-6) 
2022/05/16 06:08:32 [notice] 1#1: OS: Linux 3.10.0-1160.62.1.el7.x86_64
2022/05/16 06:08:32 [notice] 1#1: getrlimit(RLIMIT_NOFILE): 1048576:1048576
2022/05/16 06:08:32 [notice] 1#1: start worker processes
2022/05/16 06:08:32 [notice] 1#1: start worker process 22
2022/05/16 06:08:32 [notice] 1#1: start worker process 23
2022/05/16 07:28:32 [notice] 1#1: signal 3 (SIGQUIT) received, shutting down
2022/05/16 07:28:32 [notice] 23#23: gracefully shutting down
2022/05/16 07:28:32 [notice] 23#23: exiting
2022/05/16 07:28:32 [notice] 23#23: exit
2022/05/16 07:28:32 [notice] 22#22: gracefully shutting down
2022/05/16 07:28:32 [notice] 1#1: signal 17 (SIGCHLD) received from 23
2022/05/16 07:28:32 [notice] 1#1: worker process 23 exited with code 0
2022/05/16 07:28:32 [notice] 1#1: signal 29 (SIGIO) received
2022/05/16 07:29:14 [notice] 1#1: using the "epoll" event method
2022/05/16 07:29:14 [notice] 1#1: nginx/1.21.6
2022/05/16 07:29:14 [notice] 1#1: built by gcc 10.2.1 20210110 (Debian 10.2.1-6) 
2022/05/16 07:29:14 [notice] 1#1: OS: Linux 3.10.0-1160.62.1.el7.x86_64
2022/05/16 07:29:14 [notice] 1#1: getrlimit(RLIMIT_NOFILE): 1048576:1048576
2022/05/16 07:29:14 [notice] 1#1: start worker processes
2022/05/16 07:29:14 [notice] 1#1: start worker process 22
2022/05/16 07:29:14 [notice] 1#1: start worker process 23
2022/05/16 07:29:34 [notice] 1#1: signal 3 (SIGQUIT) received, shutting down
2022/05/16 07:29:34 [notice] 22#22: gracefully shutting down
2022/05/16 07:29:34 [notice] 22#22: exiting
2022/05/16 07:29:34 [notice] 22#22: exit
2022/05/16 07:29:34 [notice] 23#23: gracefully shutting down
2022/05/16 07:29:34 [notice] 23#23: exiting
2022/05/16 07:29:34 [notice] 23#23: exit
2022/05/16 07:29:34 [notice] 1#1: signal 17 (SIGCHLD) received from 23
2022/05/16 07:29:34 [notice] 1#1: worker process 22 exited with code 0
2022/05/16 07:29:34 [notice] 1#1: worker process 23 exited with code 0
2022/05/16 07:29:34 [notice] 1#1: exit
2022/05/16 07:45:40 [notice] 1#1: using the "epoll" event method
2022/05/16 07:45:40 [notice] 1#1: nginx/1.21.6
2022/05/16 07:45:40 [notice] 1#1: built by gcc 10.2.1 20210110 (Debian 10.2.1-6) 
2022/05/16 07:45:40 [notice] 1#1: OS: Linux 3.10.0-1160.62.1.el7.x86_64
2022/05/16 07:45:40 [notice] 1#1: getrlimit(RLIMIT_NOFILE): 1048576:1048576
2022/05/16 07:45:40 [notice] 1#1: start worker processes
2022/05/16 07:45:40 [notice] 1#1: start worker process 22
2022/05/16 07:45:40 [notice] 1#1: start worker process 23
2022/05/16 07:47:09 [notice] 1#1: signal 3 (SIGQUIT) received, shutting down
2022/05/16 07:47:09 [notice] 23#23: gracefully shutting down
2022/05/16 07:47:09 [notice] 23#23: exiting
2022/05/16 07:47:09 [notice] 23#23: exit
2022/05/16 07:47:09 [notice] 22#22: gracefully shutting down
2022/05/16 07:47:09 [notice] 22#22: exiting
2022/05/16 07:47:09 [notice] 22#22: exit
2022/05/16 07:47:09 [notice] 1#1: signal 17 (SIGCHLD) received from 22
2022/05/16 07:47:09 [notice] 1#1: worker process 22 exited with code 0
2022/05/16 07:47:09 [notice] 1#1: worker process 23 exited with code 0
2022/05/16 07:47:09 [notice] 1#1: exit
2022/05/16 07:49:41 [notice] 1#1: using the "epoll" event method
2022/05/16 07:49:41 [notice] 1#1: nginx/1.21.6
2022/05/16 07:49:41 [notice] 1#1: built by gcc 10.2.1 20210110 (Debian 10.2.1-6) 
2022/05/16 07:49:41 [notice] 1#1: OS: Linux 3.10.0-1160.62.1.el7.x86_64
2022/05/16 07:49:41 [notice] 1#1: getrlimit(RLIMIT_NOFILE): 1048576:1048576
2022/05/16 07:49:41 [notice] 1#1: start worker processes
2022/05/16 07:49:41 [notice] 1#1: start worker process 22
2022/05/16 07:49:41 [notice] 1#1: start worker process 23
2022/05/16 07:55:37 [warn] 23#23: *6 an upstream response is buffered to a temporary file /var/cache/nginx/uwsgi_temp/1/00/0000000001 while reading upstream, client: 27.52.73.198, server: 127.0.0.1, request: "POST /accounts/github/login/ HTTP/1.1", upstream: "uwsgi://172.18.0.2:8000", host: "110spg009.dynv6.net", referrer: "http://110spg009.dynv6.net/accounts/github/login/"
2022/05/16 08:10:04 [notice] 1#1: signal 3 (SIGQUIT) received, shutting down
2022/05/16 08:10:04 [notice] 23#23: gracefully shutting down
2022/05/16 08:10:04 [notice] 23#23: exiting
2022/05/16 08:10:04 [notice] 23#23: exit
2022/05/16 08:10:04 [notice] 22#22: gracefully shutting down
2022/05/16 08:10:04 [notice] 22#22: exiting
2022/05/16 08:10:04 [notice] 22#22: exit
2022/05/16 08:10:04 [notice] 1#1: signal 17 (SIGCHLD) received from 23
2022/05/16 08:10:04 [notice] 1#1: worker process 23 exited with code 0
2022/05/16 08:10:04 [notice] 1#1: signal 29 (SIGIO) received
2022/05/16 08:10:04 [notice] 1#1: signal 17 (SIGCHLD) received from 22
2022/05/16 08:10:04 [notice] 1#1: worker process 22 exited with code 0
2022/05/16 08:10:04 [notice] 1#1: exit
2022/05/16 08:10:21 [notice] 1#1: using the "epoll" event method
2022/05/16 08:10:21 [notice] 1#1: nginx/1.21.6
2022/05/16 08:10:21 [notice] 1#1: built by gcc 10.2.1 20210110 (Debian 10.2.1-6) 
2022/05/16 08:10:21 [notice] 1#1: OS: Linux 3.10.0-1160.62.1.el7.x86_64
2022/05/16 08:10:21 [notice] 1#1: getrlimit(RLIMIT_NOFILE): 1048576:1048576
2022/05/16 08:10:21 [notice] 1#1: start worker processes
2022/05/16 08:10:21 [notice] 1#1: start worker process 22
2022/05/16 08:10:21 [notice] 1#1: start worker process 23
2022/05/16 08:11:34 [notice] 1#1: signal 3 (SIGQUIT) received, shutting down
2022/05/16 08:11:34 [notice] 22#22: gracefully shutting down
2022/05/16 08:11:34 [notice] 22#22: exiting
2022/05/16 08:11:34 [notice] 22#22: exit
2022/05/16 08:11:34 [notice] 23#23: gracefully shutting down
2022/05/16 08:11:34 [notice] 23#23: exiting
2022/05/16 08:11:34 [notice] 23#23: exit
2022/05/16 08:11:34 [notice] 1#1: signal 17 (SIGCHLD) received from 22
2022/05/16 08:11:34 [notice] 1#1: worker process 22 exited with code 0
2022/05/16 08:11:34 [notice] 1#1: signal 29 (SIGIO) received
2022/05/16 08:11:34 [notice] 1#1: signal 17 (SIGCHLD) received from 23
2022/05/16 08:11:34 [notice] 1#1: worker process 23 exited with code 0
2022/05/16 08:11:34 [notice] 1#1: exit
2022/05/16 08:12:30 [notice] 1#1: using the "epoll" event method
2022/05/16 08:12:30 [notice] 1#1: nginx/1.21.6
2022/05/16 08:12:30 [notice] 1#1: built by gcc 10.2.1 20210110 (Debian 10.2.1-6) 
2022/05/16 08:12:30 [notice] 1#1: OS: Linux 3.10.0-1160.62.1.el7.x86_64
2022/05/16 08:12:30 [notice] 1#1: getrlimit(RLIMIT_NOFILE): 1048576:1048576
2022/05/16 08:12:30 [notice] 1#1: start worker processes
2022/05/16 08:12:30 [notice] 1#1: start worker process 22
2022/05/16 08:12:30 [notice] 1#1: start worker process 23
2022/05/16 08:16:38 [warn] 22#22: *8 an upstream response is buffered to a temporary file /var/cache/nginx/uwsgi_temp/1/00/0000000001 while reading upstream, client: 27.52.73.198, server: 127.0.0.1, request: "POST /accounts/github/login/ HTTP/1.1", upstream: "uwsgi://172.18.0.2:8000", host: "110spg009.dynv6.net", referrer: "http://110spg009.dynv6.net/accounts/github/login/"
2022/05/16 08:24:37 [notice] 1#1: signal 3 (SIGQUIT) received, shutting down
2022/05/16 08:24:37 [notice] 23#23: gracefully shutting down
2022/05/16 08:24:37 [notice] 23#23: exiting
2022/05/16 08:24:37 [notice] 23#23: exit
2022/05/16 08:24:37 [notice] 22#22: gracefully shutting down
2022/05/16 08:24:37 [notice] 22#22: exiting
2022/05/16 08:24:37 [notice] 22#22: exit
2022/05/16 08:24:37 [notice] 1#1: signal 17 (SIGCHLD) received from 22
2022/05/16 08:24:37 [notice] 1#1: worker process 22 exited with code 0
2022/05/16 08:24:37 [notice] 1#1: worker process 23 exited with code 0
2022/05/16 08:24:37 [notice] 1#1: exit
2022/05/16 08:24:56 [notice] 1#1: using the "epoll" event method
2022/05/16 08:24:56 [notice] 1#1: nginx/1.21.6
2022/05/16 08:24:56 [notice] 1#1: built by gcc 10.2.1 20210110 (Debian 10.2.1-6) 
2022/05/16 08:24:56 [notice] 1#1: OS: Linux 3.10.0-1160.62.1.el7.x86_64
2022/05/16 08:24:56 [notice] 1#1: getrlimit(RLIMIT_NOFILE): 1048576:1048576
2022/05/16 08:24:56 [notice] 1#1: start worker processes
2022/05/16 08:24:56 [notice] 1#1: start worker process 22
2022/05/16 08:24:56 [notice] 1#1: start worker process 23
2022/05/16 08:25:08 [notice] 1#1: signal 3 (SIGQUIT) received, shutting down
2022/05/16 08:25:08 [notice] 22#22: gracefully shutting down
2022/05/16 08:25:08 [notice] 22#22: exiting
2022/05/16 08:25:08 [notice] 22#22: exit
2022/05/16 08:25:08 [notice] 23#23: gracefully shutting down
2022/05/16 08:25:08 [notice] 23#23: exiting
2022/05/16 08:25:08 [notice] 23#23: exit
2022/05/16 08:25:08 [notice] 1#1: signal 17 (SIGCHLD) received from 22
2022/05/16 08:25:08 [notice] 1#1: worker process 22 exited with code 0
2022/05/16 08:25:08 [notice] 1#1: worker process 23 exited with code 0
2022/05/16 08:25:08 [notice] 1#1: exit
2022/05/16 08:25:42 [notice] 1#1: using the "epoll" event method
2022/05/16 08:25:42 [notice] 1#1: nginx/1.21.6
2022/05/16 08:25:42 [notice] 1#1: built by gcc 10.2.1 20210110 (Debian 10.2.1-6) 
2022/05/16 08:25:42 [notice] 1#1: OS: Linux 3.10.0-1160.62.1.el7.x86_64
2022/05/16 08:25:42 [notice] 1#1: getrlimit(RLIMIT_NOFILE): 1048576:1048576
2022/05/16 08:25:42 [notice] 1#1: start worker processes
2022/05/16 08:25:42 [notice] 1#1: start worker process 22
2022/05/16 08:25:42 [notice] 1#1: start worker process 23
2022/05/16 08:26:09 [notice] 1#1: signal 3 (SIGQUIT) received, shutting down
2022/05/16 08:26:09 [notice] 22#22: gracefully shutting down
2022/05/16 08:26:09 [notice] 22#22: exiting
2022/05/16 08:26:09 [notice] 22#22: exit
2022/05/16 08:26:09 [notice] 23#23: gracefully shutting down
2022/05/16 08:26:09 [notice] 23#23: exiting
2022/05/16 08:26:09 [notice] 23#23: exit
2022/05/16 08:26:09 [notice] 1#1: signal 17 (SIGCHLD) received from 23
2022/05/16 08:26:09 [notice] 1#1: worker process 22 exited with code 0
2022/05/16 08:26:09 [notice] 1#1: worker process 23 exited with code 0
2022/05/16 08:26:09 [notice] 1#1: exit
2022/05/16 08:26:58 [notice] 1#1: using the "epoll" event method
2022/05/16 08:26:58 [notice] 1#1: nginx/1.21.6
2022/05/16 08:26:58 [notice] 1#1: built by gcc 10.2.1 20210110 (Debian 10.2.1-6) 
2022/05/16 08:26:58 [notice] 1#1: OS: Linux 3.10.0-1160.62.1.el7.x86_64
2022/05/16 08:26:58 [notice] 1#1: getrlimit(RLIMIT_NOFILE): 1048576:1048576
2022/05/16 08:26:58 [notice] 1#1: start worker processes
2022/05/16 08:26:58 [notice] 1#1: start worker process 22
2022/05/16 08:26:58 [notice] 1#1: start worker process 23
2022/05/16 08:27:07 [notice] 1#1: signal 3 (SIGQUIT) received, shutting down
2022/05/16 08:27:07 [notice] 22#22: gracefully shutting down
2022/05/16 08:27:07 [notice] 22#22: exiting
2022/05/16 08:27:07 [notice] 22#22: exit
2022/05/16 08:27:07 [notice] 23#23: gracefully shutting down
2022/05/16 08:27:07 [notice] 23#23: exiting
2022/05/16 08:27:07 [notice] 23#23: exit
2022/05/16 08:27:07 [notice] 1#1: signal 17 (SIGCHLD) received from 22
2022/05/16 08:27:07 [notice] 1#1: worker process 22 exited with code 0
2022/05/16 08:27:07 [notice] 1#1: worker process 23 exited with code 0
2022/05/16 08:27:07 [notice] 1#1: exit
2022/05/16 08:27:43 [notice] 1#1: using the "epoll" event method
2022/05/16 08:27:43 [notice] 1#1: nginx/1.21.6
2022/05/16 08:27:43 [notice] 1#1: built by gcc 10.2.1 20210110 (Debian 10.2.1-6) 
2022/05/16 08:27:43 [notice] 1#1: OS: Linux 3.10.0-1160.62.1.el7.x86_64
2022/05/16 08:27:43 [notice] 1#1: getrlimit(RLIMIT_NOFILE): 1048576:1048576
2022/05/16 08:27:43 [notice] 1#1: start worker processes
2022/05/16 08:27:43 [notice] 1#1: start worker process 22
2022/05/16 08:27:43 [notice] 1#1: start worker process 23
2022/05/16 08:28:50 [warn] 23#23: *2 an upstream response is buffered to a temporary file /var/cache/nginx/uwsgi_temp/1/00/0000000001 while reading upstream, client: 27.52.73.198, server: 127.0.0.1, request: "POST /register/ HTTP/1.1", upstream: "uwsgi://172.18.0.2:8000", host: "110spg009.dynv6.net", referrer: "http://110spg009.dynv6.net/register/"
2022/05/16 08:39:47 [warn] 22#22: *7 an upstream response is buffered to a temporary file /var/cache/nginx/uwsgi_temp/2/00/0000000002 while reading upstream, client: 27.52.73.198, server: 127.0.0.1, request: "POST /register/ HTTP/1.1", upstream: "uwsgi://172.18.0.2:8000", host: "110spg009.dynv6.net", referrer: "http://110spg009.dynv6.net/register/"
2022/05/16 08:40:15 [notice] 1#1: signal 3 (SIGQUIT) received, shutting down
2022/05/16 08:40:15 [notice] 22#22: gracefully shutting down
2022/05/16 08:40:15 [notice] 23#23: gracefully shutting down
2022/05/16 08:40:15 [notice] 23#23: exiting
2022/05/16 08:40:15 [notice] 23#23: exit
2022/05/16 08:40:15 [notice] 1#1: signal 17 (SIGCHLD) received from 23
2022/05/16 08:40:15 [notice] 1#1: worker process 23 exited with code 0
2022/05/16 08:40:15 [notice] 1#1: signal 29 (SIGIO) received
2022/05/16 08:40:20 [notice] 22#22: exiting
2022/05/16 08:40:20 [notice] 22#22: exit
2022/05/16 08:40:20 [notice] 1#1: signal 17 (SIGCHLD) received from 22
2022/05/16 08:40:20 [notice] 1#1: worker process 22 exited with code 0
2022/05/16 08:40:20 [notice] 1#1: exit
2022/05/16 08:40:37 [notice] 1#1: using the "epoll" event method
2022/05/16 08:40:37 [notice] 1#1: nginx/1.21.6
2022/05/16 08:40:37 [notice] 1#1: built by gcc 10.2.1 20210110 (Debian 10.2.1-6) 
2022/05/16 08:40:37 [notice] 1#1: OS: Linux 3.10.0-1160.62.1.el7.x86_64
2022/05/16 08:40:37 [notice] 1#1: getrlimit(RLIMIT_NOFILE): 1048576:1048576
2022/05/16 08:40:37 [notice] 1#1: start worker processes
2022/05/16 08:40:37 [notice] 1#1: start worker process 22
2022/05/16 08:40:37 [notice] 1#1: start worker process 23
2022/05/16 08:42:33 [warn] 22#22: *1 an upstream response is buffered to a temporary file /var/cache/nginx/uwsgi_temp/1/00/0000000001 while reading upstream, client: 27.52.73.198, server: 127.0.0.1, request: "POST /register/ HTTP/1.1", upstream: "uwsgi://172.18.0.2:8000", host: "110spg009.dynv6.net", referrer: "http://110spg009.dynv6.net/register/"
2022/05/16 08:49:06 [error] 22#22: *17 upstream prematurely closed connection while reading response header from upstream, client: 27.52.73.198, server: 127.0.0.1, request: "GET /predict/ HTTP/1.1", upstream: "uwsgi://172.18.0.2:8000", host: "110spg009.dynv6.net", referrer: "http://110spg009.dynv6.net/upload/"
2022/05/16 08:51:26 [notice] 1#1: signal 3 (SIGQUIT) received, shutting down
2022/05/16 08:51:26 [notice] 23#23: gracefully shutting down
2022/05/16 08:51:26 [notice] 23#23: exiting
2022/05/16 08:51:26 [notice] 23#23: exit
2022/05/16 08:51:26 [notice] 22#22: gracefully shutting down
2022/05/16 08:51:26 [notice] 22#22: exiting
2022/05/16 08:51:26 [notice] 22#22: exit
2022/05/16 08:51:26 [notice] 1#1: signal 17 (SIGCHLD) received from 23
2022/05/16 08:51:26 [notice] 1#1: worker process 23 exited with code 0
2022/05/16 08:51:26 [notice] 1#1: signal 29 (SIGIO) received
2022/05/16 08:51:26 [notice] 1#1: signal 17 (SIGCHLD) received from 22
2022/05/16 08:51:26 [notice] 1#1: worker process 22 exited with code 0
2022/05/16 08:51:26 [notice] 1#1: exit
